<?xml version="1.0" encoding="UTF-8"?>
<coverage generated="1651002962049" clover="3.2.0">
  <project timestamp="1651002962049" name="All files">
    <metrics statements="44" coveredstatements="44" conditionals="4" coveredconditionals="4" methods="8" coveredmethods="8" elements="56" coveredelements="56" complexity="0" loc="44" ncloc="44" packages="1" files="1" classes="1"/>
    <file name="PokeApiService.js" path="E:\luang\Desktop\projeto da aula do robin\javascript-code-with-unit-tests\src\Services\PokeApiService.js">
      <metrics statements="44" coveredstatements="44" conditionals="4" coveredconditionals="4" methods="8" coveredmethods="8"/>
      <line num="1" count="1" type="stmt"/>
      <line num="2" count="1" type="stmt"/>
      <line num="3" count="1" type="stmt"/>
      <line num="4" count="1" type="stmt"/>
      <line num="6" count="1" type="stmt"/>
      <line num="7" count="1" type="stmt"/>
      <line num="8" count="1" type="stmt"/>
      <line num="10" count="1" type="stmt"/>
      <line num="13" count="1" type="stmt"/>
      <line num="14" count="4" type="stmt"/>
      <line num="15" count="4" type="stmt"/>
      <line num="17" count="4" type="stmt"/>
      <line num="18" count="4" type="stmt"/>
      <line num="20" count="4" type="stmt"/>
      <line num="21" count="4" type="stmt"/>
      <line num="23" count="4" type="cond" truecount="2" falsecount="0"/>
      <line num="24" count="12" type="stmt"/>
      <line num="25" count="12" type="stmt"/>
      <line num="28" count="4" type="stmt"/>
      <line num="31" count="1" type="stmt"/>
      <line num="32" count="1" type="stmt"/>
      <line num="33" count="1" type="stmt"/>
      <line num="35" count="1" type="stmt"/>
      <line num="38" count="1" type="stmt"/>
      <line num="39" count="1" type="stmt"/>
      <line num="40" count="1" type="stmt"/>
      <line num="42" count="1" type="stmt"/>
      <line num="45" count="1" type="stmt"/>
      <line num="46" count="1" type="stmt"/>
      <line num="47" count="1" type="stmt"/>
      <line num="49" count="1" type="stmt"/>
      <line num="52" count="1" type="stmt"/>
      <line num="53" count="1" type="stmt"/>
      <line num="54" count="1" type="stmt"/>
      <line num="56" count="1" type="stmt"/>
      <line num="59" count="1" type="stmt"/>
      <line num="61" count="2" type="stmt"/>
      <line num="62" count="2" type="stmt"/>
      <line num="64" count="2" type="stmt"/>
      <line num="66" count="2" type="stmt"/>
      <line num="67" count="3" type="cond" truecount="2" falsecount="0"/>
      <line num="68" count="2" type="stmt"/>
      <line num="69" count="2" type="stmt"/>
      <line num="73" count="2" type="stmt"/>
    </file>
  </project>
</coverage>
