{"E:\\luang\\Desktop\\projeto da aula do robin\\javascript-code-with-unit-tests\\src\\Services\\PokeApiService.js": {"path":"E:\\luang\\Desktop\\projeto da aula do robin\\javascript-code-with-unit-tests\\src\\Services\\PokeApiService.js","statementMap":{"0":{"start":{"line":1,"column":17},"end":{"line":1,"column":48}},"1":{"start":{"line":2,"column":14},"end":{"line":2,"column":35}},"2":{"start":{"line":3,"column":16},"end":{"line":3,"column":44}},"3":{"start":{"line":4,"column":12},"end":{"line":4,"column":35}},"4":{"start":{"line":6,"column":0},"end":{"line":11,"column":2}},"5":{"start":{"line":7,"column":14},"end":{"line":7,"column":55}},"6":{"start":{"line":8,"column":18},"end":{"line":8,"column":43}},"7":{"start":{"line":10,"column":4},"end":{"line":10,"column":19}},"8":{"start":{"line":13,"column":0},"end":{"line":29,"column":2}},"9":{"start":{"line":14,"column":14},"end":{"line":14,"column":63}},"10":{"start":{"line":15,"column":19},"end":{"line":15,"column":50}},"11":{"start":{"line":17,"column":4},"end":{"line":17,"column":45}},"12":{"start":{"line":18,"column":4},"end":{"line":18,"column":47}},"13":{"start":{"line":20,"column":20},"end":{"line":20,"column":22}},"14":{"start":{"line":21,"column":14},"end":{"line":21,"column":31}},"15":{"start":{"line":23,"column":4},"end":{"line":26,"column":5}},"16":{"start":{"line":24,"column":8},"end":{"line":24,"column":39}},"17":{"start":{"line":25,"column":8},"end":{"line":25,"column":34}},"18":{"start":{"line":28,"column":4},"end":{"line":28,"column":21}},"19":{"start":{"line":31,"column":0},"end":{"line":36,"column":2}},"20":{"start":{"line":32,"column":14},"end":{"line":32,"column":55}},"21":{"start":{"line":33,"column":19},"end":{"line":33,"column":44}},"22":{"start":{"line":35,"column":4},"end":{"line":35,"column":20}},"23":{"start":{"line":38,"column":0},"end":{"line":43,"column":2}},"24":{"start":{"line":39,"column":14},"end":{"line":39,"column":56}},"25":{"start":{"line":40,"column":19},"end":{"line":40,"column":44}},"26":{"start":{"line":42,"column":4},"end":{"line":42,"column":20}},"27":{"start":{"line":45,"column":0},"end":{"line":50,"column":2}},"28":{"start":{"line":46,"column":14},"end":{"line":46,"column":52}},"29":{"start":{"line":47,"column":19},"end":{"line":47,"column":44}},"30":{"start":{"line":49,"column":4},"end":{"line":49,"column":20}},"31":{"start":{"line":52,"column":0},"end":{"line":57,"column":1}},"32":{"start":{"line":53,"column":14},"end":{"line":53,"column":53}},"33":{"start":{"line":54,"column":18},"end":{"line":54,"column":43}},"34":{"start":{"line":56,"column":4},"end":{"line":56,"column":19}},"35":{"start":{"line":59,"column":0},"end":{"line":74,"column":1}},"36":{"start":{"line":61,"column":21},"end":{"line":61,"column":22}},"37":{"start":{"line":62,"column":4},"end":{"line":62,"column":30}},"38":{"start":{"line":64,"column":4},"end":{"line":64,"column":63}},"39":{"start":{"line":64,"column":49},"end":{"line":64,"column":61}},"40":{"start":{"line":66,"column":4},"end":{"line":71,"column":5}},"41":{"start":{"line":66,"column":20},"end":{"line":66,"column":21}},"42":{"start":{"line":67,"column":8},"end":{"line":70,"column":9}},"43":{"start":{"line":68,"column":12},"end":{"line":68,"column":53}},"44":{"start":{"line":69,"column":12},"end":{"line":69,"column":18}},"45":{"start":{"line":73,"column":4},"end":{"line":73,"column":22}}},"fnMap":{"0":{"name":"(anonymous_0)","decl":{"start":{"line":6,"column":27},"end":{"line":6,"column":28}},"loc":{"start":{"line":6,"column":43},"end":{"line":11,"column":1}},"line":6},"1":{"name":"(anonymous_1)","decl":{"start":{"line":13,"column":26},"end":{"line":13,"column":27}},"loc":{"start":{"line":13,"column":42},"end":{"line":29,"column":1}},"line":13},"2":{"name":"(anonymous_2)","decl":{"start":{"line":31,"column":25},"end":{"line":31,"column":26}},"loc":{"start":{"line":31,"column":37},"end":{"line":36,"column":1}},"line":31},"3":{"name":"(anonymous_3)","decl":{"start":{"line":38,"column":32},"end":{"line":38,"column":33}},"loc":{"start":{"line":38,"column":48},"end":{"line":43,"column":1}},"line":38},"4":{"name":"(anonymous_4)","decl":{"start":{"line":45,"column":24},"end":{"line":45,"column":25}},"loc":{"start":{"line":45,"column":40},"end":{"line":50,"column":1}},"line":45},"5":{"name":"(anonymous_5)","decl":{"start":{"line":52,"column":25},"end":{"line":52,"column":26}},"loc":{"start":{"line":52,"column":41},"end":{"line":57,"column":1}},"line":52},"6":{"name":"(anonymous_6)","decl":{"start":{"line":59,"column":26},"end":{"line":59,"column":27}},"loc":{"start":{"line":59,"column":42},"end":{"line":74,"column":1}},"line":59},"7":{"name":"(anonymous_7)","decl":{"start":{"line":64,"column":42},"end":{"line":64,"column":43}},"loc":{"start":{"line":64,"column":49},"end":{"line":64,"column":61}},"line":64}},"branchMap":{"0":{"loc":{"start":{"line":23,"column":10},"end":{"line":23,"column":57}},"type":"binary-expr","locations":[{"start":{"line":23,"column":10},"end":{"line":23,"column":26}},{"start":{"line":23,"column":30},"end":{"line":23,"column":57}}],"line":23},"1":{"loc":{"start":{"line":67,"column":8},"end":{"line":70,"column":9}},"type":"if","locations":[{"start":{"line":67,"column":8},"end":{"line":70,"column":9}},{"start":{},"end":{}}],"line":67}},"s":{"0":1,"1":1,"2":1,"3":1,"4":1,"5":1,"6":1,"7":1,"8":1,"9":4,"10":4,"11":4,"12":4,"13":4,"14":4,"15":4,"16":12,"17":12,"18":4,"19":1,"20":1,"21":1,"22":1,"23":1,"24":1,"25":1,"26":1,"27":1,"28":1,"29":1,"30":1,"31":1,"32":1,"33":1,"34":1,"35":1,"36":2,"37":2,"38":2,"39":2,"40":2,"41":2,"42":3,"43":2,"44":2,"45":2},"f":{"0":1,"1":4,"2":1,"3":1,"4":1,"5":1,"6":2,"7":2},"b":{"0":[16,12],"1":[2,1]},"_coverageSchema":"1a1c01bbd47fc00a2c39e90264f33305004495a9","hash":"52e0bfb1f77909c037e5378c1888a519bc27ba97"}
}
