{"C:\\Users\\gabri\\Documents\\Trabalho-Robin\\javascript-code-with-unit-tests\\src\\Services\\PokeApiService.js": {"path":"C:\\Users\\gabri\\Documents\\Trabalho-Robin\\javascript-code-with-unit-tests\\src\\Services\\PokeApiService.js","statementMap":{"0":{"start":{"line":1,"column":17},"end":{"line":1,"column":48}},"1":{"start":{"line":2,"column":14},"end":{"line":2,"column":35}},"2":{"start":{"line":3,"column":16},"end":{"line":3,"column":44}},"3":{"start":{"line":4,"column":12},"end":{"line":4,"column":35}},"4":{"start":{"line":6,"column":0},"end":{"line":11,"column":2}},"5":{"start":{"line":7,"column":14},"end":{"line":7,"column":41}},"6":{"start":{"line":8,"column":18},"end":{"line":8,"column":43}},"7":{"start":{"line":10,"column":4},"end":{"line":10,"column":19}},"8":{"start":{"line":13,"column":0},"end":{"line":29,"column":2}},"9":{"start":{"line":14,"column":14},"end":{"line":14,"column":49}},"10":{"start":{"line":15,"column":19},"end":{"line":15,"column":50}},"11":{"start":{"line":17,"column":4},"end":{"line":17,"column":45}},"12":{"start":{"line":18,"column":4},"end":{"line":18,"column":47}},"13":{"start":{"line":20,"column":20},"end":{"line":20,"column":22}},"14":{"start":{"line":21,"column":14},"end":{"line":21,"column":31}},"15":{"start":{"line":23,"column":4},"end":{"line":26,"column":5}},"16":{"start":{"line":24,"column":8},"end":{"line":24,"column":39}},"17":{"start":{"line":25,"column":8},"end":{"line":25,"column":34}},"18":{"start":{"line":28,"column":4},"end":{"line":28,"column":21}},"19":{"start":{"line":31,"column":0},"end":{"line":36,"column":2}},"20":{"start":{"line":32,"column":14},"end":{"line":32,"column":55}},"21":{"start":{"line":33,"column":19},"end":{"line":33,"column":44}},"22":{"start":{"line":35,"column":4},"end":{"line":35,"column":20}},"23":{"start":{"line":38,"column":0},"end":{"line":43,"column":2}},"24":{"start":{"line":39,"column":14},"end":{"line":39,"column":56}},"25":{"start":{"line":40,"column":19},"end":{"line":40,"column":44}},"26":{"start":{"line":42,"column":4},"end":{"line":42,"column":20}},"27":{"start":{"line":45,"column":0},"end":{"line":50,"column":2}},"28":{"start":{"line":46,"column":14},"end":{"line":46,"column":38}},"29":{"start":{"line":47,"column":19},"end":{"line":47,"column":44}},"30":{"start":{"line":49,"column":4},"end":{"line":49,"column":20}},"31":{"start":{"line":52,"column":0},"end":{"line":57,"column":1}},"32":{"start":{"line":53,"column":14},"end":{"line":53,"column":39}},"33":{"start":{"line":54,"column":18},"end":{"line":54,"column":43}},"34":{"start":{"line":56,"column":4},"end":{"line":56,"column":19}},"35":{"start":{"line":59,"column":0},"end":{"line":74,"column":1}},"36":{"start":{"line":61,"column":21},"end":{"line":61,"column":22}},"37":{"start":{"line":62,"column":4},"end":{"line":62,"column":16}},"38":{"start":{"line":64,"column":4},"end":{"line":64,"column":63}},"39":{"start":{"line":64,"column":49},"end":{"line":64,"column":61}},"40":{"start":{"line":66,"column":4},"end":{"line":71,"column":5}},"41":{"start":{"line":66,"column":20},"end":{"line":66,"column":21}},"42":{"start":{"line":67,"column":8},"end":{"line":70,"column":9}},"43":{"start":{"line":68,"column":12},"end":{"line":68,"column":53}},"44":{"start":{"line":69,"column":12},"end":{"line":69,"column":18}},"45":{"start":{"line":73,"column":4},"end":{"line":73,"column":22}}},"fnMap":{"0":{"name":"(anonymous_0)","decl":{"start":{"line":6,"column":27},"end":{"line":6,"column":28}},"loc":{"start":{"line":6,"column":43},"end":{"line":11,"column":1}},"line":6},"1":{"name":"(anonymous_1)","decl":{"start":{"line":13,"column":26},"end":{"line":13,"column":27}},"loc":{"start":{"line":13,"column":42},"end":{"line":29,"column":1}},"line":13},"2":{"name":"(anonymous_2)","decl":{"start":{"line":31,"column":25},"end":{"line":31,"column":26}},"loc":{"start":{"line":31,"column":37},"end":{"line":36,"column":1}},"line":31},"3":{"name":"(anonymous_3)","decl":{"start":{"line":38,"column":32},"end":{"line":38,"column":33}},"loc":{"start":{"line":38,"column":48},"end":{"line":43,"column":1}},"line":38},"4":{"name":"(anonymous_4)","decl":{"start":{"line":45,"column":24},"end":{"line":45,"column":25}},"loc":{"start":{"line":45,"column":40},"end":{"line":50,"column":1}},"line":45},"5":{"name":"(anonymous_5)","decl":{"start":{"line":52,"column":25},"end":{"line":52,"column":26}},"loc":{"start":{"line":52,"column":41},"end":{"line":57,"column":1}},"line":52},"6":{"name":"(anonymous_6)","decl":{"start":{"line":59,"column":26},"end":{"line":59,"column":27}},"loc":{"start":{"line":59,"column":42},"end":{"line":74,"column":1}},"line":59},"7":{"name":"(anonymous_7)","decl":{"start":{"line":64,"column":42},"end":{"line":64,"column":43}},"loc":{"start":{"line":64,"column":49},"end":{"line":64,"column":61}},"line":64}},"branchMap":{"0":{"loc":{"start":{"line":23,"column":10},"end":{"line":23,"column":57}},"type":"binary-expr","locations":[{"start":{"line":23,"column":10},"end":{"line":23,"column":26}},{"start":{"line":23,"column":30},"end":{"line":23,"column":57}}],"line":23},"1":{"loc":{"start":{"line":67,"column":8},"end":{"line":70,"column":9}},"type":"if","locations":[{"start":{"line":67,"column":8},"end":{"line":70,"column":9}},{"start":{},"end":{}}],"line":67}},"s":{"0":1,"1":1,"2":1,"3":1,"4":1,"5":1,"6":1,"7":1,"8":1,"9":3,"10":3,"11":3,"12":3,"13":3,"14":3,"15":3,"16":9,"17":9,"18":3,"19":1,"20":0,"21":0,"22":0,"23":1,"24":0,"25":0,"26":0,"27":1,"28":0,"29":0,"30":0,"31":1,"32":0,"33":0,"34":0,"35":1,"36":0,"37":0,"38":0,"39":0,"40":0,"41":0,"42":0,"43":0,"44":0,"45":0},"f":{"0":1,"1":3,"2":0,"3":0,"4":0,"5":0,"6":0,"7":0},"b":{"0":[12,9],"1":[0,0]},"_coverageSchema":"1a1c01bbd47fc00a2c39e90264f33305004495a9","hash":"d0828907245944654796666158374324e2d9aa1d"}
}
