TN:
SF:src\Services\PokeApiService.js
FN:6,(anonymous_0)
FN:13,(anonymous_1)
FN:31,(anonymous_2)
FN:38,(anonymous_3)
FN:45,(anonymous_4)
FN:52,(anonymous_5)
FN:59,(anonymous_6)
FN:64,(anonymous_7)
FNF:8
FNH:8
FNDA:1,(anonymous_0)
FNDA:4,(anonymous_1)
FNDA:1,(anonymous_2)
FNDA:1,(anonymous_3)
FNDA:1,(anonymous_4)
FNDA:1,(anonymous_5)
FNDA:2,(anonymous_6)
FNDA:2,(anonymous_7)
DA:1,1
DA:2,1
DA:3,1
DA:4,1
DA:6,1
DA:7,1
DA:8,1
DA:10,1
DA:13,1
DA:14,4
DA:15,4
DA:17,4
DA:18,4
DA:20,4
DA:21,4
DA:23,4
DA:24,12
DA:25,12
DA:28,4
DA:31,1
DA:32,1
DA:33,1
DA:35,1
DA:38,1
DA:39,1
DA:40,1
DA:42,1
DA:45,1
DA:46,1
DA:47,1
DA:49,1
DA:52,1
DA:53,1
DA:54,1
DA:56,1
DA:59,1
DA:61,2
DA:62,2
DA:64,2
DA:66,2
DA:67,3
DA:68,2
DA:69,2
DA:73,2
LF:44
LH:44
BRDA:23,0,0,16
BRDA:23,0,1,12
BRDA:67,1,0,2
BRDA:67,1,1,1
BRF:4
BRH:4
end_of_record
