TN:
SF:src\Services\PokeApiService.js
FN:6,(anonymous_0)
FN:13,(anonymous_1)
FN:31,(anonymous_2)
FN:38,(anonymous_3)
FN:45,(anonymous_4)
FN:52,(anonymous_5)
FN:59,(anonymous_6)
FN:64,(anonymous_7)
FNF:8
FNH:2
FNDA:1,(anonymous_0)
FNDA:3,(anonymous_1)
FNDA:0,(anonymous_2)
FNDA:0,(anonymous_3)
FNDA:0,(anonymous_4)
FNDA:0,(anonymous_5)
FNDA:0,(anonymous_6)
FNDA:0,(anonymous_7)
DA:1,1
DA:2,1
DA:3,1
DA:4,1
DA:6,1
DA:7,1
DA:8,1
DA:10,1
DA:13,1
DA:14,3
DA:15,3
DA:17,3
DA:18,3
DA:20,3
DA:21,3
DA:23,3
DA:24,9
DA:25,9
DA:28,3
DA:31,1
DA:32,0
DA:33,0
DA:35,0
DA:38,1
DA:39,0
DA:40,0
DA:42,0
DA:45,1
DA:46,0
DA:47,0
DA:49,0
DA:52,1
DA:53,0
DA:54,0
DA:56,0
DA:59,1
DA:61,0
DA:62,0
DA:64,0
DA:66,0
DA:67,0
DA:68,0
DA:69,0
DA:73,0
LF:44
LH:24
BRDA:23,0,0,12
BRDA:23,0,1,9
BRDA:67,1,0,0
BRDA:67,1,1,0
BRF:4
BRH:2
end_of_record
